<?xml version="1.0" encoding="utf-8"?><testsuites name="pytest tests"><testsuite name="pytest" errors="0" failures="0" skipped="0" tests="15" time="7.970" timestamp="2026-06-29T10:34:27.250530+00:00" hostname="agent-env-9b1598f5-07a9-4abc-8b69-bc4a58048b67"><testcase classname="tests.test_iteration2.TestDaily" name="test_daily_anonymous" time="0.571" /><testcase classname="tests.test_iteration2.TestDaily" name="test_daily_authed_then_answer" time="1.106" /><testcase classname="tests.test_iteration2.TestDaily" name="test_daily_answer_requires_auth" time="0.072" /><testcase classname="tests.test_iteration2.TestStatsExtended" name="test_stats_has_subject_breakdown_and_streak" time="0.221" /><testcase classname="tests.test_iteration2.TestEmailVerification" name="test_resend_verification_returns_dev_link" time="0.193" /><testcase classname="tests.test_iteration2.TestEmailVerification" name="test_verify_invalid_token" time="0.076" /><testcase classname="tests.test_iteration2.TestPasswordReset" name="test_forgot_and_reset" time="2.082" /><testcase classname="tests.test_iteration2.TestPasswordReset" name="test_forgot_unknown_email_silent_success" time="0.051" /><testcase classname="tests.test_iteration2.TestLeaderboard" name="test_mock_scope" time="0.175" /><testcase classname="tests.test_iteration2.TestLeaderboard" name="test_weekly_scope" time="0.063" /><testcase classname="tests.test_iteration2.TestLeaderboard" name="test_streak_scope" time="0.048" /><testcase classname="tests.test_iteration2.TestBulkImport" name="test_bulk_import_non_admin_forbidden" time="0.634" /><testcase classname="tests.test_iteration2.TestBulkImport" name="test_bulk_import_admin_json" time="0.737" /><testcase classname="tests.test_iteration2.TestBulkImport" name="test_csv_import_admin" time="0.395" /><testcase classname="tests.test_iteration2.TestBulkImport" name="test_csv_import_non_admin_forbidden" time="0.705" /></testsuite></testsuites>