<?xml version="1.0" encoding="utf-8"?><testsuites name="pytest tests"><testsuite name="pytest" errors="0" failures="1" skipped="0" tests="23" time="14.507" timestamp="2026-06-29T10:12:00.724142+00:00" hostname="agent-env-9b1598f5-07a9-4abc-8b69-bc4a58048b67"><testcase classname="tests.backend_test.TestAuth" name="test_admin_login" time="0.736" /><testcase classname="tests.backend_test.TestQuestionsRead" name="test_filters" time="0.349" /><testcase classname="tests.backend_test.TestQuestionsRead" name="test_list_all" time="0.381" /><testcase classname="tests.backend_test.TestQuestionsRead" name="test_filter_exam_year" time="0.050" /><testcase classname="tests.backend_test.TestQuestionsRead" name="test_search_gujarati" time="0.382" /><testcase classname="tests.backend_test.TestAuth" name="test_signup_and_me" time="0.488" /><testcase classname="tests.backend_test.TestQuestionsRead" name="test_random" time="0.048" /><testcase classname="tests.backend_test.TestQuestionsRead" name="test_get_single" time="0.095" /><testcase classname="tests.backend_test.TestAuth" name="test_signup_duplicate" time="0.054" /><testcase classname="tests.backend_test.TestAuth" name="test_login_wrong_password" time="0.416" /><testcase classname="tests.backend_test.TestQuestionsRead" name="test_get_single_not_found" time="0.380" /><testcase classname="tests.backend_test.TestAuth" name="test_me_without_token" time="0.408" /><testcase classname="tests.backend_test.TestAttempts" name="test_submit_attempt_and_score" time="0.507" /><testcase classname="tests.backend_test.TestAI" name="test_ai_explain" time="1.281"><failure message="Failed: AI explain failed: 500 {&quot;detail&quot;:&quot;AI generation failed: Failed to generate chat completion: litellm.BadRequestError: OpenAIException - Budget has been exceeded! Current cost: 0.0, Max budget: 0.0&quot;}">backend/tests/backend_test.py:277: in test_ai_explain
    pytest.fail(f"AI explain failed: {r.status_code} {r.text[:300]}")
E   Failed: AI explain failed: 500 {"detail":"AI generation failed: Failed to generate chat completion: litellm.BadRequestError: OpenAIException - Budget has been exceeded! Current cost: 0.0, Max budget: 0.0"}</failure></testcase><testcase classname="tests.backend_test.TestAttempts" name="test_submit_attempt_partial_score" time="0.939" /><testcase classname="tests.backend_test.TestAttempts" name="test_list_attempts" time="0.054" /><testcase classname="tests.backend_test.TestAttempts" name="test_stats" time="0.186" /><testcase classname="tests.backend_test.TestAdminQuestions" name="test_create_as_user_forbidden" time="0.056" /><testcase classname="tests.backend_test.TestAI" name="test_ai_generate_requires_auth" time="0.428" /><testcase classname="tests.backend_test.TestAdminQuestions" name="test_admin_create_and_delete" time="0.997" /><testcase classname="tests.backend_test.TestAI" name="test_ai_generate" time="7.731" /><testcase classname="tests.backend_test.TestHealth" name="test_root" time="0.048" /><testcase classname="tests.backend_test.TestBookmarks" name="test_bookmark_flow" time="0.325" /></testsuite></testsuites>